2020-10-10 23:48:29,697:INFO:PyCaret Classification Module
2020-10-10 23:48:29,697:INFO:version 2.1.2
2020-10-10 23:48:29,697:INFO:Initializing setup()
2020-10-10 23:48:29,698:INFO:USI: 47a3
2020-10-10 23:48:29,698:INFO:setup(data=(1470, 55), target=Attrition, train_size=0.7, sampling=True, sample_estimator=None, categorical_features=None, categorical_imputation=constant, ordinal_features=None,
                    high_cardinality_features=None, high_cardinality_method=frequency, numeric_features=None, numeric_imputation=mean, date_features=None, ignore_features=None, normalize=False,
                    normalize_method=zscore, transformation=False, transformation_method=yeo-johnson, handle_unknown_categorical=True, unknown_categorical_method=least_frequent, pca=False, pca_method=linear,
                    pca_components=None, ignore_low_variance=False, combine_rare_levels=False, rare_level_threshold=0.1, bin_numeric_features=None, remove_outliers=False, outliers_threshold=0.05,
                    remove_multicollinearity=False, multicollinearity_threshold=0.9, remove_perfect_collinearity=False, create_clusters=False, cluster_iter=20,
                    polynomial_features=False, polynomial_degree=2, trigonometry_features=False, polynomial_threshold=0.1, group_features=None,
                    group_names=None, feature_selection=False, feature_selection_threshold=0.8, feature_interaction=False, feature_ratio=False, interaction_threshold=0.01,
                    fix_imbalance=False, fix_imbalance_method=None, data_split_shuffle=True, folds_shuffle=False, n_jobs=-1, html=True, session_id=None, log_experiment=False,
                    experiment_name=None, log_plots=False, log_profile=False, log_data=False, silent=False, verbose=True, profile=False)
2020-10-10 23:48:29,698:INFO:Checking environment
2020-10-10 23:48:29,698:INFO:python_version: 3.8.3
2020-10-10 23:48:29,698:INFO:python_build: ('tags/v3.8.3:6f8c832', 'May 13 2020 22:37:02')
2020-10-10 23:48:29,699:INFO:machine: AMD64
2020-10-10 23:48:29,699:INFO:platform: Windows-10-10.0.18362-SP0
2020-10-10 23:48:29,700:WARNING:cannot find psutil installation. memory not traceable. Install psutil using pip to enable memory logging. 
2020-10-10 23:48:29,700:INFO:Checking libraries
2020-10-10 23:48:29,700:INFO:pd==1.1.3
2020-10-10 23:48:29,701:INFO:numpy==1.18.5
2020-10-10 23:48:32,923:INFO:sklearn==0.23.2
2020-10-10 23:48:33,453:INFO:xgboost==1.2.0
2020-10-10 23:48:33,633:INFO:lightgbm==3.0.0
2020-10-10 23:48:35,394:INFO:catboost==0.24.2
2020-10-10 23:48:36,760:INFO:mlflow==1.11.0
2020-10-10 23:48:36,760:INFO:Checking Exceptions
2020-10-10 23:48:36,761:INFO:Preloading libraries
2020-10-10 23:48:36,761:INFO:Preparing display monitor
2020-10-10 23:48:36,778:INFO:Importing libraries
2020-10-10 23:48:38,584:INFO:Declaring global variables
2020-10-10 23:48:38,584:INFO:Copying data for preprocessing
2020-10-10 23:48:38,588:INFO:Declaring preprocessing parameters
2020-10-10 23:48:38,588:INFO:Importing preprocessing module
2020-10-10 23:48:40,448:INFO:Creating preprocessing pipeline
2020-10-10 23:48:47,152:INFO:Preprocessing pipeline created successfully
2020-10-10 23:48:47,152:INFO:Creating grid variables
2020-10-10 23:48:47,154:INFO:Creating global containers
2020-10-10 23:48:47,269:INFO:create_model_container 0
2020-10-10 23:48:47,269:INFO:master_model_container 0
2020-10-10 23:48:47,269:INFO:display_container 0
2020-10-10 23:48:47,276:INFO:Pipeline(memory=None,
         steps=[('dtypes',
                 DataTypes_Auto_infer(categorical_features=[],
                                      display_types=True, features_todrop=[],
                                      ml_usecase='regression',
                                      numerical_features=[], target='Attrition',
                                      time_features=[])),
                ('imputer',
                 Simple_Imputer(categorical_strategy='not_available',
                                numeric_strategy='mean',
                                target_variable=None)),
                ('new_levels1',
                 New_Catagorical_Leve...
                ('group', Empty()), ('nonliner', Empty()), ('scaling', Empty()),
                ('P_transform', Empty()), ('pt_target', Empty()),
                ('binn', Empty()), ('rem_outliers', Empty()),
                ('cluster_all', Empty()),
                ('dummy', Dummify(target='Attrition')),
                ('fix_perfect', Empty()), ('clean_names', Clean_Colum_Names()),
                ('feature_select', Empty()), ('fix_multi', Empty()),
                ('dfs', Empty()), ('pca', Empty())],
         verbose=False)
2020-10-10 23:48:47,276:INFO:setup() succesfully completed......................................
2020-10-10 23:48:47,279:INFO:Initializing compare_models()
2020-10-10 23:48:47,279:INFO:compare_models(exclude=None, include=None, fold=10, round=4, sort=Accuracy, n_select=1, turbo=True, verbose=True)
2020-10-10 23:48:47,279:INFO:Checking exceptions
2020-10-10 23:48:47,280:INFO:Preloading libraries
2020-10-10 23:48:47,280:INFO:Preparing display monitor
2020-10-10 23:49:51,944:INFO:PyCaret Classification Module
2020-10-10 23:49:51,944:INFO:version 2.1.2
2020-10-10 23:49:51,944:INFO:Initializing setup()
2020-10-10 23:49:51,944:INFO:USI: b9cc
2020-10-10 23:49:51,944:INFO:setup(data=(1470, 31), target=Attrition, train_size=0.7, sampling=True, sample_estimator=None, categorical_features=None, categorical_imputation=constant, ordinal_features=None,
                    high_cardinality_features=None, high_cardinality_method=frequency, numeric_features=None, numeric_imputation=mean, date_features=None, ignore_features=None, normalize=False,
                    normalize_method=zscore, transformation=False, transformation_method=yeo-johnson, handle_unknown_categorical=True, unknown_categorical_method=least_frequent, pca=False, pca_method=linear,
                    pca_components=None, ignore_low_variance=False, combine_rare_levels=False, rare_level_threshold=0.1, bin_numeric_features=None, remove_outliers=False, outliers_threshold=0.05,
                    remove_multicollinearity=False, multicollinearity_threshold=0.9, remove_perfect_collinearity=False, create_clusters=False, cluster_iter=20,
                    polynomial_features=False, polynomial_degree=2, trigonometry_features=False, polynomial_threshold=0.1, group_features=None,
                    group_names=None, feature_selection=False, feature_selection_threshold=0.8, feature_interaction=False, feature_ratio=False, interaction_threshold=0.01,
                    fix_imbalance=False, fix_imbalance_method=None, data_split_shuffle=True, folds_shuffle=False, n_jobs=-1, html=True, session_id=None, log_experiment=False,
                    experiment_name=None, log_plots=False, log_profile=False, log_data=False, silent=False, verbose=True, profile=False)
2020-10-10 23:49:51,944:INFO:Checking environment
2020-10-10 23:49:51,944:INFO:python_version: 3.8.3
2020-10-10 23:49:51,944:INFO:python_build: ('tags/v3.8.3:6f8c832', 'May 13 2020 22:37:02')
2020-10-10 23:49:51,945:INFO:machine: AMD64
2020-10-10 23:49:51,945:INFO:platform: Windows-10-10.0.18362-SP0
2020-10-10 23:49:51,945:WARNING:cannot find psutil installation. memory not traceable. Install psutil using pip to enable memory logging. 
2020-10-10 23:49:51,945:INFO:Checking libraries
2020-10-10 23:49:51,946:INFO:pd==1.1.3
2020-10-10 23:49:51,946:INFO:numpy==1.18.5
2020-10-10 23:49:52,726:INFO:sklearn==0.23.2
2020-10-10 23:49:52,792:INFO:xgboost==1.2.0
2020-10-10 23:49:52,850:INFO:lightgbm==3.0.0
2020-10-10 23:49:53,439:INFO:catboost==0.24.2
2020-10-10 23:49:54,183:INFO:mlflow==1.11.0
2020-10-10 23:49:54,183:INFO:Checking Exceptions
2020-10-10 23:49:54,183:INFO:Preloading libraries
2020-10-10 23:49:54,183:INFO:Preparing display monitor
2020-10-10 23:49:54,195:INFO:Importing libraries
2020-10-10 23:49:54,933:INFO:Declaring global variables
2020-10-10 23:49:54,933:INFO:Copying data for preprocessing
2020-10-10 23:49:54,936:INFO:Declaring preprocessing parameters
2020-10-10 23:49:54,936:INFO:Importing preprocessing module
2020-10-10 23:49:55,498:INFO:Creating preprocessing pipeline
2020-10-10 23:49:58,905:INFO:Preprocessing pipeline created successfully
2020-10-10 23:49:58,905:INFO:Creating grid variables
2020-10-10 23:49:58,907:INFO:Creating global containers
2020-10-10 23:49:58,974:INFO:create_model_container 0
2020-10-10 23:49:58,974:INFO:master_model_container 0
2020-10-10 23:49:58,974:INFO:display_container 0
2020-10-10 23:49:58,979:INFO:Pipeline(memory=None,
         steps=[('dtypes',
                 DataTypes_Auto_infer(categorical_features=[],
                                      display_types=True, features_todrop=[],
                                      ml_usecase='classification',
                                      numerical_features=[], target='Attrition',
                                      time_features=[])),
                ('imputer',
                 Simple_Imputer(categorical_strategy='not_available',
                                numeric_strategy='mean',
                                target_variable=None)),
                ('new_levels1',
                 New_Catagorical_...
                ('group', Empty()), ('nonliner', Empty()), ('scaling', Empty()),
                ('P_transform', Empty()), ('pt_target', Empty()),
                ('binn', Empty()), ('rem_outliers', Empty()),
                ('cluster_all', Empty()),
                ('dummy', Dummify(target='Attrition')),
                ('fix_perfect', Empty()), ('clean_names', Clean_Colum_Names()),
                ('feature_select', Empty()), ('fix_multi', Empty()),
                ('dfs', Empty()), ('pca', Empty())],
         verbose=False)
2020-10-10 23:49:58,980:INFO:setup() succesfully completed......................................
2020-10-10 23:49:58,981:INFO:Initializing compare_models()
2020-10-10 23:49:58,981:INFO:compare_models(exclude=None, include=None, fold=10, round=4, sort=Accuracy, n_select=1, turbo=True, verbose=True)
2020-10-10 23:49:58,982:INFO:Checking exceptions
2020-10-10 23:49:58,983:INFO:Preloading libraries
2020-10-10 23:49:58,984:INFO:Preparing display monitor
2020-10-10 23:50:16,083:INFO:PyCaret Classification Module
2020-10-10 23:50:16,083:INFO:version 2.1.2
2020-10-10 23:50:16,083:INFO:Initializing setup()
2020-10-10 23:50:16,083:INFO:USI: 392f
2020-10-10 23:50:16,083:INFO:setup(data=(1470, 31), target=Attrition, train_size=0.7, sampling=True, sample_estimator=None, categorical_features=None, categorical_imputation=constant, ordinal_features=None,
                    high_cardinality_features=None, high_cardinality_method=frequency, numeric_features=None, numeric_imputation=mean, date_features=None, ignore_features=None, normalize=False,
                    normalize_method=zscore, transformation=False, transformation_method=yeo-johnson, handle_unknown_categorical=True, unknown_categorical_method=least_frequent, pca=False, pca_method=linear,
                    pca_components=None, ignore_low_variance=False, combine_rare_levels=False, rare_level_threshold=0.1, bin_numeric_features=None, remove_outliers=False, outliers_threshold=0.05,
                    remove_multicollinearity=False, multicollinearity_threshold=0.9, remove_perfect_collinearity=False, create_clusters=False, cluster_iter=20,
                    polynomial_features=False, polynomial_degree=2, trigonometry_features=False, polynomial_threshold=0.1, group_features=None,
                    group_names=None, feature_selection=False, feature_selection_threshold=0.8, feature_interaction=False, feature_ratio=False, interaction_threshold=0.01,
                    fix_imbalance=False, fix_imbalance_method=None, data_split_shuffle=True, folds_shuffle=False, n_jobs=-1, html=True, session_id=None, log_experiment=False,
                    experiment_name=None, log_plots=False, log_profile=False, log_data=False, silent=False, verbose=True, profile=False)
2020-10-10 23:50:16,084:INFO:Checking environment
2020-10-10 23:50:16,084:INFO:python_version: 3.8.3
2020-10-10 23:50:16,084:INFO:python_build: ('tags/v3.8.3:6f8c832', 'May 13 2020 22:37:02')
2020-10-10 23:50:16,084:INFO:machine: AMD64
2020-10-10 23:50:16,084:INFO:platform: Windows-10-10.0.18362-SP0
2020-10-10 23:50:16,085:WARNING:cannot find psutil installation. memory not traceable. Install psutil using pip to enable memory logging. 
2020-10-10 23:50:16,085:INFO:Checking libraries
2020-10-10 23:50:16,085:INFO:pd==1.1.3
2020-10-10 23:50:16,085:INFO:numpy==1.18.5
2020-10-10 23:50:16,975:INFO:sklearn==0.23.2
2020-10-10 23:50:17,060:INFO:xgboost==1.2.0
2020-10-10 23:50:17,132:INFO:lightgbm==3.0.0
2020-10-10 23:50:17,825:INFO:catboost==0.24.2
2020-10-10 23:50:18,685:INFO:mlflow==1.11.0
2020-10-10 23:50:18,685:INFO:Checking Exceptions
2020-10-10 23:50:18,685:INFO:Preloading libraries
2020-10-10 23:50:18,685:INFO:Preparing display monitor
2020-10-10 23:50:18,697:INFO:Importing libraries
2020-10-10 23:50:19,386:INFO:Declaring global variables
2020-10-10 23:50:19,386:INFO:Copying data for preprocessing
2020-10-10 23:50:19,389:INFO:Declaring preprocessing parameters
2020-10-10 23:50:19,389:INFO:Importing preprocessing module
2020-10-10 23:50:19,948:INFO:Creating preprocessing pipeline
2020-10-10 23:50:21,301:INFO:Preprocessing pipeline created successfully
2020-10-10 23:50:21,301:INFO:Creating grid variables
2020-10-10 23:50:21,304:INFO:Creating global containers
2020-10-10 23:50:21,373:INFO:create_model_container 0
2020-10-10 23:50:21,373:INFO:master_model_container 0
2020-10-10 23:50:21,373:INFO:display_container 0
2020-10-10 23:50:21,378:INFO:Pipeline(memory=None,
         steps=[('dtypes',
                 DataTypes_Auto_infer(categorical_features=[],
                                      display_types=True, features_todrop=[],
                                      ml_usecase='classification',
                                      numerical_features=[], target='Attrition',
                                      time_features=[])),
                ('imputer',
                 Simple_Imputer(categorical_strategy='not_available',
                                numeric_strategy='mean',
                                target_variable=None)),
                ('new_levels1',
                 New_Catagorical_...
                ('group', Empty()), ('nonliner', Empty()), ('scaling', Empty()),
                ('P_transform', Empty()), ('pt_target', Empty()),
                ('binn', Empty()), ('rem_outliers', Empty()),
                ('cluster_all', Empty()),
                ('dummy', Dummify(target='Attrition')),
                ('fix_perfect', Empty()), ('clean_names', Clean_Colum_Names()),
                ('feature_select', Empty()), ('fix_multi', Empty()),
                ('dfs', Empty()), ('pca', Empty())],
         verbose=False)
2020-10-10 23:50:21,378:INFO:setup() succesfully completed......................................
2020-10-10 23:50:21,379:INFO:Initializing create_model()
2020-10-10 23:50:21,379:INFO:create_model(estimator=ridge, ensemble=False, method=None, fold=10, round=4, cross_validation=True, verbose=True, system=True)
2020-10-10 23:50:21,379:INFO:Checking exceptions
2020-10-10 23:50:21,379:INFO:Preloading libraries
2020-10-10 23:50:21,379:INFO:Preparing display monitor
2020-10-10 23:53:30,465:INFO:PyCaret Classification Module
2020-10-10 23:53:30,465:INFO:version 2.1.2
2020-10-10 23:53:30,466:INFO:Initializing setup()
2020-10-10 23:53:30,466:INFO:USI: c782
2020-10-10 23:53:30,466:INFO:setup(data=(1470, 31), target=Attrition, train_size=0.7, sampling=True, sample_estimator=None, categorical_features=None, categorical_imputation=constant, ordinal_features=None,
                    high_cardinality_features=None, high_cardinality_method=frequency, numeric_features=None, numeric_imputation=mean, date_features=None, ignore_features=None, normalize=False,
                    normalize_method=zscore, transformation=False, transformation_method=yeo-johnson, handle_unknown_categorical=True, unknown_categorical_method=least_frequent, pca=False, pca_method=linear,
                    pca_components=None, ignore_low_variance=False, combine_rare_levels=False, rare_level_threshold=0.1, bin_numeric_features=None, remove_outliers=False, outliers_threshold=0.05,
                    remove_multicollinearity=False, multicollinearity_threshold=0.9, remove_perfect_collinearity=False, create_clusters=False, cluster_iter=20,
                    polynomial_features=False, polynomial_degree=2, trigonometry_features=False, polynomial_threshold=0.1, group_features=None,
                    group_names=None, feature_selection=False, feature_selection_threshold=0.8, feature_interaction=False, feature_ratio=False, interaction_threshold=0.01,
                    fix_imbalance=False, fix_imbalance_method=None, data_split_shuffle=True, folds_shuffle=False, n_jobs=-1, html=True, session_id=None, log_experiment=False,
                    experiment_name=None, log_plots=False, log_profile=False, log_data=False, silent=False, verbose=True, profile=False)
2020-10-10 23:53:30,466:INFO:Checking environment
2020-10-10 23:53:30,466:INFO:python_version: 3.8.3
2020-10-10 23:53:30,466:INFO:python_build: ('tags/v3.8.3:6f8c832', 'May 13 2020 22:37:02')
2020-10-10 23:53:30,466:INFO:machine: AMD64
2020-10-10 23:53:30,466:INFO:platform: Windows-10-10.0.18362-SP0
2020-10-10 23:53:30,467:WARNING:cannot find psutil installation. memory not traceable. Install psutil using pip to enable memory logging. 
2020-10-10 23:53:30,467:INFO:Checking libraries
2020-10-10 23:53:30,467:INFO:pd==1.1.3
2020-10-10 23:53:30,467:INFO:numpy==1.18.5
2020-10-10 23:53:31,303:INFO:sklearn==0.23.2
2020-10-10 23:53:31,382:INFO:xgboost==1.2.0
2020-10-10 23:53:31,442:INFO:lightgbm==3.0.0
2020-10-10 23:53:32,056:INFO:catboost==0.24.2
2020-10-10 23:53:32,852:INFO:mlflow==1.11.0
2020-10-10 23:53:32,852:INFO:Checking Exceptions
2020-10-10 23:53:32,853:INFO:Preloading libraries
2020-10-10 23:53:32,853:INFO:Preparing display monitor
2020-10-10 23:53:32,866:INFO:Importing libraries
2020-10-10 23:53:33,663:INFO:Declaring global variables
2020-10-10 23:53:33,663:INFO:Copying data for preprocessing
2020-10-10 23:53:33,666:INFO:Declaring preprocessing parameters
2020-10-10 23:53:33,666:INFO:Importing preprocessing module
2020-10-10 23:53:34,258:INFO:Creating preprocessing pipeline
2020-10-10 23:53:35,421:INFO:Preprocessing pipeline created successfully
2020-10-10 23:53:35,421:INFO:Creating grid variables
2020-10-10 23:53:35,423:INFO:Creating global containers
2020-10-10 23:53:35,494:INFO:create_model_container 0
2020-10-10 23:53:35,494:INFO:master_model_container 0
2020-10-10 23:53:35,494:INFO:display_container 0
2020-10-10 23:53:35,499:INFO:Pipeline(memory=None,
         steps=[('dtypes',
                 DataTypes_Auto_infer(categorical_features=[],
                                      display_types=True, features_todrop=[],
                                      ml_usecase='classification',
                                      numerical_features=[], target='Attrition',
                                      time_features=[])),
                ('imputer',
                 Simple_Imputer(categorical_strategy='not_available',
                                numeric_strategy='mean',
                                target_variable=None)),
                ('new_levels1',
                 New_Catagorical_...
                ('group', Empty()), ('nonliner', Empty()), ('scaling', Empty()),
                ('P_transform', Empty()), ('pt_target', Empty()),
                ('binn', Empty()), ('rem_outliers', Empty()),
                ('cluster_all', Empty()),
                ('dummy', Dummify(target='Attrition')),
                ('fix_perfect', Empty()), ('clean_names', Clean_Colum_Names()),
                ('feature_select', Empty()), ('fix_multi', Empty()),
                ('dfs', Empty()), ('pca', Empty())],
         verbose=False)
2020-10-10 23:53:35,499:INFO:setup() succesfully completed......................................
2020-10-10 23:53:35,500:INFO:Initializing create_model()
2020-10-10 23:53:35,501:INFO:create_model(estimator=ridge, ensemble=False, method=None, fold=10, round=4, cross_validation=True, verbose=False, system=True)
2020-10-10 23:53:35,501:INFO:Checking exceptions
2020-10-10 23:53:58,387:INFO:PyCaret Classification Module
2020-10-10 23:53:58,388:INFO:version 2.1.2
2020-10-10 23:53:58,388:INFO:Initializing setup()
2020-10-10 23:53:58,388:INFO:USI: 560c
2020-10-10 23:53:58,388:INFO:setup(data=(1470, 31), target=Attrition, train_size=0.7, sampling=True, sample_estimator=None, categorical_features=None, categorical_imputation=constant, ordinal_features=None,
                    high_cardinality_features=None, high_cardinality_method=frequency, numeric_features=None, numeric_imputation=mean, date_features=None, ignore_features=None, normalize=False,
                    normalize_method=zscore, transformation=False, transformation_method=yeo-johnson, handle_unknown_categorical=True, unknown_categorical_method=least_frequent, pca=False, pca_method=linear,
                    pca_components=None, ignore_low_variance=False, combine_rare_levels=False, rare_level_threshold=0.1, bin_numeric_features=None, remove_outliers=False, outliers_threshold=0.05,
                    remove_multicollinearity=False, multicollinearity_threshold=0.9, remove_perfect_collinearity=False, create_clusters=False, cluster_iter=20,
                    polynomial_features=False, polynomial_degree=2, trigonometry_features=False, polynomial_threshold=0.1, group_features=None,
                    group_names=None, feature_selection=False, feature_selection_threshold=0.8, feature_interaction=False, feature_ratio=False, interaction_threshold=0.01,
                    fix_imbalance=False, fix_imbalance_method=None, data_split_shuffle=True, folds_shuffle=False, n_jobs=-1, html=True, session_id=None, log_experiment=False,
                    experiment_name=None, log_plots=False, log_profile=False, log_data=False, silent=False, verbose=True, profile=False)
2020-10-10 23:53:58,388:INFO:Checking environment
2020-10-10 23:53:58,388:INFO:python_version: 3.8.3
2020-10-10 23:53:58,388:INFO:python_build: ('tags/v3.8.3:6f8c832', 'May 13 2020 22:37:02')
2020-10-10 23:53:58,388:INFO:machine: AMD64
2020-10-10 23:53:58,389:INFO:platform: Windows-10-10.0.18362-SP0
2020-10-10 23:53:58,389:WARNING:cannot find psutil installation. memory not traceable. Install psutil using pip to enable memory logging. 
2020-10-10 23:53:58,389:INFO:Checking libraries
2020-10-10 23:53:58,390:INFO:pd==1.1.3
2020-10-10 23:53:58,390:INFO:numpy==1.18.5
2020-10-10 23:53:59,212:INFO:sklearn==0.23.2
2020-10-10 23:53:59,277:INFO:xgboost==1.2.0
2020-10-10 23:53:59,339:INFO:lightgbm==3.0.0
2020-10-10 23:53:59,962:INFO:catboost==0.24.2
2020-10-10 23:54:00,869:INFO:mlflow==1.11.0
2020-10-10 23:54:00,869:INFO:Checking Exceptions
2020-10-10 23:54:00,869:INFO:Preloading libraries
2020-10-10 23:54:00,869:INFO:Preparing display monitor
2020-10-10 23:54:00,880:INFO:Importing libraries
2020-10-10 23:54:01,625:INFO:Declaring global variables
2020-10-10 23:54:01,625:INFO:Copying data for preprocessing
2020-10-10 23:54:01,629:INFO:Declaring preprocessing parameters
2020-10-10 23:54:01,629:INFO:Importing preprocessing module
2020-10-10 23:54:02,218:INFO:Creating preprocessing pipeline
2020-10-10 23:54:03,565:INFO:Preprocessing pipeline created successfully
2020-10-10 23:54:03,566:INFO:Creating grid variables
2020-10-10 23:54:03,567:INFO:Creating global containers
2020-10-10 23:54:03,658:INFO:create_model_container 0
2020-10-10 23:54:03,658:INFO:master_model_container 0
2020-10-10 23:54:03,659:INFO:display_container 0
2020-10-10 23:54:03,665:INFO:Pipeline(memory=None,
         steps=[('dtypes',
                 DataTypes_Auto_infer(categorical_features=[],
                                      display_types=True, features_todrop=[],
                                      ml_usecase='classification',
                                      numerical_features=[], target='Attrition',
                                      time_features=[])),
                ('imputer',
                 Simple_Imputer(categorical_strategy='not_available',
                                numeric_strategy='mean',
                                target_variable=None)),
                ('new_levels1',
                 New_Catagorical_...
                ('group', Empty()), ('nonliner', Empty()), ('scaling', Empty()),
                ('P_transform', Empty()), ('pt_target', Empty()),
                ('binn', Empty()), ('rem_outliers', Empty()),
                ('cluster_all', Empty()),
                ('dummy', Dummify(target='Attrition')),
                ('fix_perfect', Empty()), ('clean_names', Clean_Colum_Names()),
                ('feature_select', Empty()), ('fix_multi', Empty()),
                ('dfs', Empty()), ('pca', Empty())],
         verbose=False)
2020-10-10 23:54:03,665:INFO:setup() succesfully completed......................................
2020-10-10 23:54:03,666:INFO:Initializing create_model()
2020-10-10 23:54:03,667:INFO:create_model(estimator=ridge, ensemble=False, method=None, fold=10, round=4, cross_validation=True, verbose=False, system=True)
2020-10-10 23:54:03,667:INFO:Checking exceptions
2020-10-10 23:54:03,667:INFO:Preloading libraries
2020-10-10 23:54:03,667:INFO:Preparing display monitor
2020-10-10 23:54:03,675:INFO:Copying training dataset
2020-10-10 23:54:03,676:INFO:Importing libraries
2020-10-10 23:54:03,676:INFO:Defining folds
2020-10-10 23:54:03,677:INFO:Declaring metric variables
2020-10-10 23:54:03,677:INFO:Importing untrained model
2020-10-10 23:54:03,677:INFO:Ridge Classifier Imported succesfully
2020-10-10 23:54:03,677:INFO:Checking ensemble method
2020-10-10 23:54:03,685:INFO:Initializing Fold 1
2020-10-10 23:54:03,688:INFO:Fitting Model
2020-10-10 23:54:03,732:INFO:Evaluating Metrics
2020-10-10 23:54:03,733:WARNING:model has no predict_proba attribute. pred_prob set to 0.00
2020-10-10 23:54:03,739:WARNING:model has no predict_proba attribute. AUC to 0.00
2020-10-10 23:54:03,741:INFO:Compiling Metrics
2020-10-10 23:54:03,747:INFO:Initializing Fold 2
2020-10-10 23:54:03,749:INFO:Fitting Model
2020-10-10 23:54:03,766:INFO:Evaluating Metrics
2020-10-10 23:54:03,766:WARNING:model has no predict_proba attribute. pred_prob set to 0.00
2020-10-10 23:54:03,770:WARNING:model has no predict_proba attribute. AUC to 0.00
2020-10-10 23:54:03,774:INFO:Compiling Metrics
2020-10-10 23:54:03,780:INFO:Initializing Fold 3
2020-10-10 23:54:03,782:INFO:Fitting Model
2020-10-10 23:54:03,793:INFO:Evaluating Metrics
2020-10-10 23:54:03,793:WARNING:model has no predict_proba attribute. pred_prob set to 0.00
2020-10-10 23:54:03,799:WARNING:model has no predict_proba attribute. AUC to 0.00
2020-10-10 23:54:03,802:INFO:Compiling Metrics
2020-10-10 23:54:03,807:INFO:Initializing Fold 4
2020-10-10 23:54:03,808:INFO:Fitting Model
2020-10-10 23:54:03,819:INFO:Evaluating Metrics
2020-10-10 23:54:03,819:WARNING:model has no predict_proba attribute. pred_prob set to 0.00
2020-10-10 23:54:03,822:WARNING:model has no predict_proba attribute. AUC to 0.00
2020-10-10 23:54:03,824:INFO:Compiling Metrics
2020-10-10 23:54:03,829:INFO:Initializing Fold 5
2020-10-10 23:54:03,830:INFO:Fitting Model
2020-10-10 23:54:03,842:INFO:Evaluating Metrics
2020-10-10 23:54:03,842:WARNING:model has no predict_proba attribute. pred_prob set to 0.00
2020-10-10 23:54:03,846:WARNING:model has no predict_proba attribute. AUC to 0.00
2020-10-10 23:54:03,849:INFO:Compiling Metrics
2020-10-10 23:54:03,855:INFO:Initializing Fold 6
2020-10-10 23:54:03,857:INFO:Fitting Model
2020-10-10 23:54:03,868:INFO:Evaluating Metrics
2020-10-10 23:54:03,868:WARNING:model has no predict_proba attribute. pred_prob set to 0.00
2020-10-10 23:54:03,871:WARNING:model has no predict_proba attribute. AUC to 0.00
2020-10-10 23:54:03,874:INFO:Compiling Metrics
2020-10-10 23:54:03,879:INFO:Initializing Fold 7
2020-10-10 23:54:03,881:INFO:Fitting Model
2020-10-10 23:54:03,892:INFO:Evaluating Metrics
2020-10-10 23:54:03,892:WARNING:model has no predict_proba attribute. pred_prob set to 0.00
2020-10-10 23:54:03,896:WARNING:model has no predict_proba attribute. AUC to 0.00
2020-10-10 23:54:03,899:INFO:Compiling Metrics
2020-10-10 23:54:03,903:INFO:Initializing Fold 8
2020-10-10 23:54:03,905:INFO:Fitting Model
2020-10-10 23:54:03,916:INFO:Evaluating Metrics
2020-10-10 23:54:03,916:WARNING:model has no predict_proba attribute. pred_prob set to 0.00
2020-10-10 23:54:03,919:WARNING:model has no predict_proba attribute. AUC to 0.00
2020-10-10 23:54:03,922:INFO:Compiling Metrics
2020-10-10 23:54:03,926:INFO:Initializing Fold 9
2020-10-10 23:54:03,928:INFO:Fitting Model
2020-10-10 23:54:03,939:INFO:Evaluating Metrics
2020-10-10 23:54:03,939:WARNING:model has no predict_proba attribute. pred_prob set to 0.00
2020-10-10 23:54:03,942:WARNING:model has no predict_proba attribute. AUC to 0.00
2020-10-10 23:54:03,945:INFO:Compiling Metrics
2020-10-10 23:54:03,950:INFO:Initializing Fold 10
2020-10-10 23:54:03,951:INFO:Fitting Model
2020-10-10 23:54:03,962:INFO:Evaluating Metrics
2020-10-10 23:54:03,962:WARNING:model has no predict_proba attribute. pred_prob set to 0.00
2020-10-10 23:54:03,966:WARNING:model has no predict_proba attribute. AUC to 0.00
2020-10-10 23:54:03,968:INFO:Compiling Metrics
2020-10-10 23:54:03,973:INFO:Calculating mean and std
2020-10-10 23:54:03,974:INFO:Creating metrics dataframe
2020-10-10 23:54:03,977:INFO:Finalizing model
2020-10-10 23:54:03,989:INFO:Uploading results into container
2020-10-10 23:54:03,989:INFO:Uploading model into container now
2020-10-10 23:54:03,989:INFO:create_model_container: 1
2020-10-10 23:54:03,989:INFO:master_model_container: 1
2020-10-10 23:54:03,989:INFO:display_container: 1
2020-10-10 23:54:03,989:INFO:RidgeClassifier(alpha=1.0, class_weight=None, copy_X=True, fit_intercept=True,
                max_iter=None, normalize=False, random_state=912, solver='auto',
                tol=0.001)
2020-10-10 23:54:03,990:INFO:create_model() succesfully completed......................................
2020-10-10 23:54:04,006:INFO:Initializing tune_model()
2020-10-10 23:54:04,007:INFO:tune_model(estimator=RidgeClassifier(alpha=1.0, class_weight=None, copy_X=True, fit_intercept=True,
                max_iter=None, normalize=False, random_state=912, solver='auto',
                tol=0.001), fold=10, round=4, n_iter=10, custom_grid=None, optimize=Accuracy, choose_better=False, verbose=True)
2020-10-10 23:54:04,007:INFO:Checking exceptions
2020-10-10 23:54:04,008:INFO:Preloading libraries
2020-10-10 23:54:04,008:INFO:Preparing display monitor
2020-10-10 23:54:35,240:INFO:PyCaret Classification Module
2020-10-10 23:54:35,240:INFO:version 2.1.2
2020-10-10 23:54:35,240:INFO:Initializing setup()
2020-10-10 23:54:35,240:INFO:USI: c47a
2020-10-10 23:54:35,240:INFO:setup(data=(1470, 31), target=Attrition, train_size=0.7, sampling=True, sample_estimator=None, categorical_features=None, categorical_imputation=constant, ordinal_features=None,
                    high_cardinality_features=None, high_cardinality_method=frequency, numeric_features=None, numeric_imputation=mean, date_features=None, ignore_features=None, normalize=False,
                    normalize_method=zscore, transformation=False, transformation_method=yeo-johnson, handle_unknown_categorical=True, unknown_categorical_method=least_frequent, pca=False, pca_method=linear,
                    pca_components=None, ignore_low_variance=False, combine_rare_levels=False, rare_level_threshold=0.1, bin_numeric_features=None, remove_outliers=False, outliers_threshold=0.05,
                    remove_multicollinearity=False, multicollinearity_threshold=0.9, remove_perfect_collinearity=False, create_clusters=False, cluster_iter=20,
                    polynomial_features=False, polynomial_degree=2, trigonometry_features=False, polynomial_threshold=0.1, group_features=None,
                    group_names=None, feature_selection=False, feature_selection_threshold=0.8, feature_interaction=False, feature_ratio=False, interaction_threshold=0.01,
                    fix_imbalance=False, fix_imbalance_method=None, data_split_shuffle=True, folds_shuffle=False, n_jobs=-1, html=True, session_id=None, log_experiment=False,
                    experiment_name=None, log_plots=False, log_profile=False, log_data=False, silent=False, verbose=True, profile=False)
2020-10-10 23:54:35,240:INFO:Checking environment
2020-10-10 23:54:35,241:INFO:python_version: 3.8.3
2020-10-10 23:54:35,241:INFO:python_build: ('tags/v3.8.3:6f8c832', 'May 13 2020 22:37:02')
2020-10-10 23:54:35,241:INFO:machine: AMD64
2020-10-10 23:54:35,241:INFO:platform: Windows-10-10.0.18362-SP0
2020-10-10 23:54:35,242:WARNING:cannot find psutil installation. memory not traceable. Install psutil using pip to enable memory logging. 
2020-10-10 23:54:35,242:INFO:Checking libraries
2020-10-10 23:54:35,242:INFO:pd==1.1.3
2020-10-10 23:54:35,243:INFO:numpy==1.18.5
2020-10-10 23:54:36,120:INFO:sklearn==0.23.2
2020-10-10 23:54:36,193:INFO:xgboost==1.2.0
2020-10-10 23:54:36,256:INFO:lightgbm==3.0.0
2020-10-10 23:54:36,944:INFO:catboost==0.24.2
2020-10-10 23:54:37,974:INFO:mlflow==1.11.0
2020-10-10 23:54:37,975:INFO:Checking Exceptions
2020-10-10 23:54:37,975:INFO:Preloading libraries
2020-10-10 23:54:37,975:INFO:Preparing display monitor
2020-10-10 23:54:37,996:INFO:Importing libraries
2020-10-10 23:54:38,872:INFO:Declaring global variables
2020-10-10 23:54:38,872:INFO:Copying data for preprocessing
2020-10-10 23:54:38,876:INFO:Declaring preprocessing parameters
2020-10-10 23:54:38,876:INFO:Importing preprocessing module
2020-10-10 23:54:39,472:INFO:Creating preprocessing pipeline
2020-10-10 23:54:40,319:INFO:Preprocessing pipeline created successfully
2020-10-10 23:54:40,319:INFO:Creating grid variables
2020-10-10 23:54:40,321:INFO:Creating global containers
2020-10-10 23:54:40,391:INFO:create_model_container 0
2020-10-10 23:54:40,391:INFO:master_model_container 0
2020-10-10 23:54:40,391:INFO:display_container 0
2020-10-10 23:54:40,396:INFO:Pipeline(memory=None,
         steps=[('dtypes',
                 DataTypes_Auto_infer(categorical_features=[],
                                      display_types=True, features_todrop=[],
                                      ml_usecase='classification',
                                      numerical_features=[], target='Attrition',
                                      time_features=[])),
                ('imputer',
                 Simple_Imputer(categorical_strategy='not_available',
                                numeric_strategy='mean',
                                target_variable=None)),
                ('new_levels1',
                 New_Catagorical_...
                ('group', Empty()), ('nonliner', Empty()), ('scaling', Empty()),
                ('P_transform', Empty()), ('pt_target', Empty()),
                ('binn', Empty()), ('rem_outliers', Empty()),
                ('cluster_all', Empty()),
                ('dummy', Dummify(target='Attrition')),
                ('fix_perfect', Empty()), ('clean_names', Clean_Colum_Names()),
                ('feature_select', Empty()), ('fix_multi', Empty()),
                ('dfs', Empty()), ('pca', Empty())],
         verbose=False)
2020-10-10 23:54:40,396:INFO:setup() succesfully completed......................................
2020-10-10 23:54:40,397:INFO:Initializing create_model()
2020-10-10 23:54:40,398:INFO:create_model(estimator=ridge, ensemble=False, method=None, fold=10, round=4, cross_validation=True, verbose=False, system=True)
2020-10-10 23:54:40,398:INFO:Checking exceptions
2020-10-10 23:54:40,398:INFO:Preloading libraries
2020-10-10 23:54:40,398:INFO:Preparing display monitor
2020-10-10 23:54:40,407:INFO:Copying training dataset
2020-10-10 23:54:40,408:INFO:Importing libraries
2020-10-10 23:54:40,408:INFO:Defining folds
2020-10-10 23:54:40,408:INFO:Declaring metric variables
2020-10-10 23:54:40,409:INFO:Importing untrained model
2020-10-10 23:54:40,409:INFO:Ridge Classifier Imported succesfully
2020-10-10 23:54:40,409:INFO:Checking ensemble method
2020-10-10 23:54:40,411:INFO:Initializing Fold 1
2020-10-10 23:54:40,414:INFO:Fitting Model
2020-10-10 23:54:40,431:INFO:Evaluating Metrics
2020-10-10 23:54:40,431:WARNING:model has no predict_proba attribute. pred_prob set to 0.00
2020-10-10 23:54:40,436:WARNING:model has no predict_proba attribute. AUC to 0.00
2020-10-10 23:54:40,439:INFO:Compiling Metrics
2020-10-10 23:54:40,446:INFO:Initializing Fold 2
2020-10-10 23:54:40,447:INFO:Fitting Model
2020-10-10 23:54:40,461:INFO:Evaluating Metrics
2020-10-10 23:54:40,461:WARNING:model has no predict_proba attribute. pred_prob set to 0.00
2020-10-10 23:54:40,466:WARNING:model has no predict_proba attribute. AUC to 0.00
2020-10-10 23:54:40,468:INFO:Compiling Metrics
2020-10-10 23:54:40,475:INFO:Initializing Fold 3
2020-10-10 23:54:40,477:INFO:Fitting Model
2020-10-10 23:54:40,491:INFO:Evaluating Metrics
2020-10-10 23:54:40,491:WARNING:model has no predict_proba attribute. pred_prob set to 0.00
2020-10-10 23:54:40,494:WARNING:model has no predict_proba attribute. AUC to 0.00
2020-10-10 23:54:40,497:INFO:Compiling Metrics
2020-10-10 23:54:40,505:INFO:Initializing Fold 4
2020-10-10 23:54:40,507:INFO:Fitting Model
2020-10-10 23:54:40,518:INFO:Evaluating Metrics
2020-10-10 23:54:40,518:WARNING:model has no predict_proba attribute. pred_prob set to 0.00
2020-10-10 23:54:40,522:WARNING:model has no predict_proba attribute. AUC to 0.00
2020-10-10 23:54:40,524:INFO:Compiling Metrics
2020-10-10 23:54:40,528:INFO:Initializing Fold 5
2020-10-10 23:54:40,530:INFO:Fitting Model
2020-10-10 23:54:40,542:INFO:Evaluating Metrics
2020-10-10 23:54:40,542:WARNING:model has no predict_proba attribute. pred_prob set to 0.00
2020-10-10 23:54:40,546:WARNING:model has no predict_proba attribute. AUC to 0.00
2020-10-10 23:54:40,548:INFO:Compiling Metrics
2020-10-10 23:54:40,553:INFO:Initializing Fold 6
2020-10-10 23:54:40,555:INFO:Fitting Model
2020-10-10 23:54:40,565:INFO:Evaluating Metrics
2020-10-10 23:54:40,565:WARNING:model has no predict_proba attribute. pred_prob set to 0.00
2020-10-10 23:54:40,570:WARNING:model has no predict_proba attribute. AUC to 0.00
2020-10-10 23:54:40,572:INFO:Compiling Metrics
2020-10-10 23:54:40,577:INFO:Initializing Fold 7
2020-10-10 23:54:40,579:INFO:Fitting Model
2020-10-10 23:54:40,591:INFO:Evaluating Metrics
2020-10-10 23:54:40,591:WARNING:model has no predict_proba attribute. pred_prob set to 0.00
2020-10-10 23:54:40,595:WARNING:model has no predict_proba attribute. AUC to 0.00
2020-10-10 23:54:40,597:INFO:Compiling Metrics
2020-10-10 23:54:40,604:INFO:Initializing Fold 8
2020-10-10 23:54:40,606:INFO:Fitting Model
2020-10-10 23:54:40,617:INFO:Evaluating Metrics
2020-10-10 23:54:40,617:WARNING:model has no predict_proba attribute. pred_prob set to 0.00
2020-10-10 23:54:40,623:WARNING:model has no predict_proba attribute. AUC to 0.00
2020-10-10 23:54:40,628:INFO:Compiling Metrics
2020-10-10 23:54:40,636:INFO:Initializing Fold 9
2020-10-10 23:54:40,638:INFO:Fitting Model
2020-10-10 23:54:40,651:INFO:Evaluating Metrics
2020-10-10 23:54:40,651:WARNING:model has no predict_proba attribute. pred_prob set to 0.00
2020-10-10 23:54:40,655:WARNING:model has no predict_proba attribute. AUC to 0.00
2020-10-10 23:54:40,658:INFO:Compiling Metrics
2020-10-10 23:54:40,665:INFO:Initializing Fold 10
2020-10-10 23:54:40,667:INFO:Fitting Model
2020-10-10 23:54:40,680:INFO:Evaluating Metrics
2020-10-10 23:54:40,680:WARNING:model has no predict_proba attribute. pred_prob set to 0.00
2020-10-10 23:54:40,686:WARNING:model has no predict_proba attribute. AUC to 0.00
2020-10-10 23:54:40,688:INFO:Compiling Metrics
2020-10-10 23:54:40,693:INFO:Calculating mean and std
2020-10-10 23:54:40,694:INFO:Creating metrics dataframe
2020-10-10 23:54:40,697:INFO:Finalizing model
2020-10-10 23:54:40,711:INFO:Uploading results into container
2020-10-10 23:54:40,711:INFO:Uploading model into container now
2020-10-10 23:54:40,711:INFO:create_model_container: 1
2020-10-10 23:54:40,711:INFO:master_model_container: 1
2020-10-10 23:54:40,711:INFO:display_container: 1
2020-10-10 23:54:40,712:INFO:RidgeClassifier(alpha=1.0, class_weight=None, copy_X=True, fit_intercept=True,
                max_iter=None, normalize=False, random_state=3544,
                solver='auto', tol=0.001)
2020-10-10 23:54:40,712:INFO:create_model() succesfully completed......................................
2020-10-10 23:54:40,713:INFO:Initializing tune_model()
2020-10-10 23:54:40,713:INFO:tune_model(estimator=RidgeClassifier(alpha=1.0, class_weight=None, copy_X=True, fit_intercept=True,
                max_iter=None, normalize=False, random_state=3544,
                solver='auto', tol=0.001), fold=10, round=4, n_iter=10, custom_grid=None, optimize=Accuracy, choose_better=False, verbose=False)
2020-10-10 23:54:40,713:INFO:Checking exceptions
2020-10-10 23:54:40,714:INFO:Preloading libraries
2020-10-10 23:54:40,714:INFO:Preparing display monitor
2020-10-10 23:54:40,720:INFO:Copying training dataset
2020-10-10 23:54:40,721:INFO:Creating estimator clone to inherit model parameters
2020-10-10 23:54:40,721:INFO:Importing libraries
2020-10-10 23:54:40,721:INFO:Checking base model
2020-10-10 23:54:40,722:INFO:Base model : Ridge Classifier
2020-10-10 23:54:40,722:INFO:Defining folds
2020-10-10 23:54:40,722:INFO:Declaring metric variables
2020-10-10 23:54:40,722:INFO:Defining Hyperparameters
2020-10-10 23:54:40,722:INFO:Initializing RandomizedSearchCV
2020-10-11 00:11:47,949:INFO:PyCaret Classification Module
2020-10-11 00:11:47,949:INFO:version 2.1.2
2020-10-11 00:11:47,949:INFO:Initializing setup()
2020-10-11 00:11:47,949:INFO:USI: 5dea
2020-10-11 00:11:47,950:INFO:setup(data=(1470, 31), target=Attrition, train_size=0.7, sampling=True, sample_estimator=None, categorical_features=None, categorical_imputation=constant, ordinal_features=None,
                    high_cardinality_features=None, high_cardinality_method=frequency, numeric_features=None, numeric_imputation=mean, date_features=None, ignore_features=None, normalize=False,
                    normalize_method=zscore, transformation=False, transformation_method=yeo-johnson, handle_unknown_categorical=True, unknown_categorical_method=least_frequent, pca=False, pca_method=linear,
                    pca_components=None, ignore_low_variance=False, combine_rare_levels=False, rare_level_threshold=0.1, bin_numeric_features=None, remove_outliers=False, outliers_threshold=0.05,
                    remove_multicollinearity=False, multicollinearity_threshold=0.9, remove_perfect_collinearity=False, create_clusters=False, cluster_iter=20,
                    polynomial_features=False, polynomial_degree=2, trigonometry_features=False, polynomial_threshold=0.1, group_features=None,
                    group_names=None, feature_selection=False, feature_selection_threshold=0.8, feature_interaction=False, feature_ratio=False, interaction_threshold=0.01,
                    fix_imbalance=False, fix_imbalance_method=None, data_split_shuffle=True, folds_shuffle=False, n_jobs=-1, html=True, session_id=None, log_experiment=False,
                    experiment_name=None, log_plots=False, log_profile=False, log_data=False, silent=False, verbose=True, profile=False)
2020-10-11 00:11:47,950:INFO:Checking environment
2020-10-11 00:11:47,950:INFO:python_version: 3.8.3
2020-10-11 00:11:47,950:INFO:python_build: ('tags/v3.8.3:6f8c832', 'May 13 2020 22:37:02')
2020-10-11 00:11:47,950:INFO:machine: AMD64
2020-10-11 00:11:47,950:INFO:platform: Windows-10-10.0.18362-SP0
2020-10-11 00:11:47,951:WARNING:cannot find psutil installation. memory not traceable. Install psutil using pip to enable memory logging. 
2020-10-11 00:11:47,951:INFO:Checking libraries
2020-10-11 00:11:47,951:INFO:pd==1.1.3
2020-10-11 00:11:47,951:INFO:numpy==1.18.5
2020-10-11 00:11:48,779:INFO:sklearn==0.23.2
2020-10-11 00:11:48,842:INFO:xgboost==1.2.0
2020-10-11 00:11:48,899:INFO:lightgbm==3.0.0
2020-10-11 00:11:49,484:INFO:catboost==0.24.2
2020-10-11 00:11:50,250:INFO:mlflow==1.11.0
2020-10-11 00:11:50,250:INFO:Checking Exceptions
2020-10-11 00:11:50,251:INFO:Preloading libraries
2020-10-11 00:11:50,251:INFO:Preparing display monitor
2020-10-11 00:11:50,261:INFO:Importing libraries
2020-10-11 00:11:50,960:INFO:Declaring global variables
2020-10-11 00:11:50,960:INFO:Copying data for preprocessing
2020-10-11 00:11:50,963:INFO:Declaring preprocessing parameters
2020-10-11 00:11:50,963:INFO:Importing preprocessing module
2020-10-11 00:11:51,542:INFO:Creating preprocessing pipeline
2020-10-11 00:11:53,131:INFO:Preprocessing pipeline created successfully
2020-10-11 00:11:53,131:INFO:Creating grid variables
2020-10-11 00:11:53,133:INFO:Creating global containers
2020-10-11 00:11:53,200:INFO:create_model_container 0
2020-10-11 00:11:53,200:INFO:master_model_container 0
2020-10-11 00:11:53,200:INFO:display_container 0
2020-10-11 00:11:53,205:INFO:Pipeline(memory=None,
         steps=[('dtypes',
                 DataTypes_Auto_infer(categorical_features=[],
                                      display_types=True, features_todrop=[],
                                      ml_usecase='classification',
                                      numerical_features=[], target='Attrition',
                                      time_features=[])),
                ('imputer',
                 Simple_Imputer(categorical_strategy='not_available',
                                numeric_strategy='mean',
                                target_variable=None)),
                ('new_levels1',
                 New_Catagorical_...
                ('group', Empty()), ('nonliner', Empty()), ('scaling', Empty()),
                ('P_transform', Empty()), ('pt_target', Empty()),
                ('binn', Empty()), ('rem_outliers', Empty()),
                ('cluster_all', Empty()),
                ('dummy', Dummify(target='Attrition')),
                ('fix_perfect', Empty()), ('clean_names', Clean_Colum_Names()),
                ('feature_select', Empty()), ('fix_multi', Empty()),
                ('dfs', Empty()), ('pca', Empty())],
         verbose=False)
2020-10-11 00:11:53,205:INFO:setup() succesfully completed......................................
2020-10-11 00:11:53,206:INFO:Initializing create_model()
2020-10-11 00:11:53,207:INFO:create_model(estimator=ridge, ensemble=False, method=None, fold=10, round=4, cross_validation=True, verbose=False, system=True)
2020-10-11 00:11:53,207:INFO:Checking exceptions
2020-10-11 00:11:53,207:INFO:Preloading libraries
2020-10-11 00:11:53,207:INFO:Preparing display monitor
2020-10-11 00:11:53,215:INFO:Copying training dataset
2020-10-11 00:11:53,216:INFO:Importing libraries
2020-10-11 00:11:53,216:INFO:Defining folds
2020-10-11 00:11:53,216:INFO:Declaring metric variables
2020-10-11 00:11:53,216:INFO:Importing untrained model
2020-10-11 00:11:53,216:INFO:Ridge Classifier Imported succesfully
2020-10-11 00:11:53,216:INFO:Checking ensemble method
2020-10-11 00:11:53,217:INFO:Initializing Fold 1
2020-10-11 00:11:53,219:INFO:Fitting Model
2020-10-11 00:11:53,233:INFO:Evaluating Metrics
2020-10-11 00:11:53,233:WARNING:model has no predict_proba attribute. pred_prob set to 0.00
2020-10-11 00:11:53,238:WARNING:model has no predict_proba attribute. AUC to 0.00
2020-10-11 00:11:53,240:INFO:Compiling Metrics
2020-10-11 00:11:53,245:INFO:Initializing Fold 2
2020-10-11 00:11:53,246:INFO:Fitting Model
2020-10-11 00:11:53,258:INFO:Evaluating Metrics
2020-10-11 00:11:53,258:WARNING:model has no predict_proba attribute. pred_prob set to 0.00
2020-10-11 00:11:53,263:WARNING:model has no predict_proba attribute. AUC to 0.00
2020-10-11 00:11:53,266:INFO:Compiling Metrics
2020-10-11 00:11:53,275:INFO:Initializing Fold 3
2020-10-11 00:11:53,277:INFO:Fitting Model
2020-10-11 00:11:53,291:INFO:Evaluating Metrics
2020-10-11 00:11:53,291:WARNING:model has no predict_proba attribute. pred_prob set to 0.00
2020-10-11 00:11:53,294:WARNING:model has no predict_proba attribute. AUC to 0.00
2020-10-11 00:11:53,297:INFO:Compiling Metrics
2020-10-11 00:11:53,305:INFO:Initializing Fold 4
2020-10-11 00:11:53,307:INFO:Fitting Model
2020-10-11 00:11:53,318:INFO:Evaluating Metrics
2020-10-11 00:11:53,318:WARNING:model has no predict_proba attribute. pred_prob set to 0.00
2020-10-11 00:11:53,323:WARNING:model has no predict_proba attribute. AUC to 0.00
2020-10-11 00:11:53,325:INFO:Compiling Metrics
2020-10-11 00:11:53,331:INFO:Initializing Fold 5
2020-10-11 00:11:53,333:INFO:Fitting Model
2020-10-11 00:11:53,344:INFO:Evaluating Metrics
2020-10-11 00:11:53,344:WARNING:model has no predict_proba attribute. pred_prob set to 0.00
2020-10-11 00:11:53,348:WARNING:model has no predict_proba attribute. AUC to 0.00
2020-10-11 00:11:53,351:INFO:Compiling Metrics
2020-10-11 00:11:53,356:INFO:Initializing Fold 6
2020-10-11 00:11:53,358:INFO:Fitting Model
2020-10-11 00:11:53,369:INFO:Evaluating Metrics
2020-10-11 00:11:53,369:WARNING:model has no predict_proba attribute. pred_prob set to 0.00
2020-10-11 00:11:53,372:WARNING:model has no predict_proba attribute. AUC to 0.00
2020-10-11 00:11:53,374:INFO:Compiling Metrics
2020-10-11 00:11:53,379:INFO:Initializing Fold 7
2020-10-11 00:11:53,381:INFO:Fitting Model
2020-10-11 00:11:53,391:INFO:Evaluating Metrics
2020-10-11 00:11:53,391:WARNING:model has no predict_proba attribute. pred_prob set to 0.00
2020-10-11 00:11:53,395:WARNING:model has no predict_proba attribute. AUC to 0.00
2020-10-11 00:11:53,397:INFO:Compiling Metrics
2020-10-11 00:11:53,402:INFO:Initializing Fold 8
2020-10-11 00:11:53,403:INFO:Fitting Model
2020-10-11 00:11:53,414:INFO:Evaluating Metrics
2020-10-11 00:11:53,414:WARNING:model has no predict_proba attribute. pred_prob set to 0.00
2020-10-11 00:11:53,417:WARNING:model has no predict_proba attribute. AUC to 0.00
2020-10-11 00:11:53,419:INFO:Compiling Metrics
2020-10-11 00:11:53,424:INFO:Initializing Fold 9
2020-10-11 00:11:53,426:INFO:Fitting Model
2020-10-11 00:11:53,437:INFO:Evaluating Metrics
2020-10-11 00:11:53,437:WARNING:model has no predict_proba attribute. pred_prob set to 0.00
2020-10-11 00:11:53,440:WARNING:model has no predict_proba attribute. AUC to 0.00
2020-10-11 00:11:53,442:INFO:Compiling Metrics
2020-10-11 00:11:53,447:INFO:Initializing Fold 10
2020-10-11 00:11:53,448:INFO:Fitting Model
2020-10-11 00:11:53,459:INFO:Evaluating Metrics
2020-10-11 00:11:53,459:WARNING:model has no predict_proba attribute. pred_prob set to 0.00
2020-10-11 00:11:53,462:WARNING:model has no predict_proba attribute. AUC to 0.00
2020-10-11 00:11:53,464:INFO:Compiling Metrics
2020-10-11 00:11:53,469:INFO:Calculating mean and std
2020-10-11 00:11:53,470:INFO:Creating metrics dataframe
2020-10-11 00:11:53,473:INFO:Finalizing model
2020-10-11 00:11:53,483:INFO:Uploading results into container
2020-10-11 00:11:53,484:INFO:Uploading model into container now
2020-10-11 00:11:53,484:INFO:create_model_container: 1
2020-10-11 00:11:53,484:INFO:master_model_container: 1
2020-10-11 00:11:53,484:INFO:display_container: 1
2020-10-11 00:11:53,484:INFO:RidgeClassifier(alpha=1.0, class_weight=None, copy_X=True, fit_intercept=True,
                max_iter=None, normalize=False, random_state=7948,
                solver='auto', tol=0.001)
2020-10-11 00:11:53,484:INFO:create_model() succesfully completed......................................
2020-10-11 00:11:53,485:INFO:Initializing tune_model()
2020-10-11 00:11:53,485:INFO:tune_model(estimator=RidgeClassifier(alpha=1.0, class_weight=None, copy_X=True, fit_intercept=True,
                max_iter=None, normalize=False, random_state=7948,
                solver='auto', tol=0.001), fold=10, round=4, n_iter=10, custom_grid=None, optimize=Accuracy, choose_better=False, verbose=False)
2020-10-11 00:11:53,486:INFO:Checking exceptions
2020-10-11 00:11:53,486:INFO:Preloading libraries
2020-10-11 00:11:53,486:INFO:Preparing display monitor
2020-10-11 00:11:53,492:INFO:Copying training dataset
2020-10-11 00:11:53,493:INFO:Creating estimator clone to inherit model parameters
2020-10-11 00:11:53,494:INFO:Importing libraries
2020-10-11 00:11:53,494:INFO:Checking base model
2020-10-11 00:11:53,494:INFO:Base model : Ridge Classifier
2020-10-11 00:11:53,494:INFO:Defining folds
2020-10-11 00:11:53,494:INFO:Declaring metric variables
2020-10-11 00:11:53,495:INFO:Defining Hyperparameters
2020-10-11 00:11:53,495:INFO:Initializing RandomizedSearchCV
2020-10-11 00:11:56,534:INFO:Random search completed
2020-10-11 00:11:56,535:INFO:Initializing Fold 1
2020-10-11 00:11:56,537:INFO:Fitting Model
2020-10-11 00:11:56,547:INFO:Evaluating Metrics
2020-10-11 00:11:56,547:WARNING:model has no predict_proba attribute. pred_prob set to 0.00
2020-10-11 00:11:56,551:WARNING:model has no predict_proba attribute. AUC set to 0.00
2020-10-11 00:11:56,554:INFO:Compiling Metrics
2020-10-11 00:11:56,560:INFO:Initializing Fold 2
2020-10-11 00:11:56,562:INFO:Fitting Model
2020-10-11 00:11:56,573:INFO:Evaluating Metrics
2020-10-11 00:11:56,574:WARNING:model has no predict_proba attribute. pred_prob set to 0.00
2020-10-11 00:11:56,578:WARNING:model has no predict_proba attribute. AUC set to 0.00
2020-10-11 00:11:56,581:INFO:Compiling Metrics
2020-10-11 00:11:56,587:INFO:Initializing Fold 3
2020-10-11 00:11:56,589:INFO:Fitting Model
2020-10-11 00:11:56,599:INFO:Evaluating Metrics
2020-10-11 00:11:56,599:WARNING:model has no predict_proba attribute. pred_prob set to 0.00
2020-10-11 00:11:56,604:WARNING:model has no predict_proba attribute. AUC set to 0.00
2020-10-11 00:11:56,606:INFO:Compiling Metrics
2020-10-11 00:11:56,612:INFO:Initializing Fold 4
2020-10-11 00:11:56,615:INFO:Fitting Model
2020-10-11 00:11:56,626:INFO:Evaluating Metrics
2020-10-11 00:11:56,626:WARNING:model has no predict_proba attribute. pred_prob set to 0.00
2020-10-11 00:11:56,630:WARNING:model has no predict_proba attribute. AUC set to 0.00
2020-10-11 00:11:56,633:INFO:Compiling Metrics
2020-10-11 00:11:56,639:INFO:Initializing Fold 5
2020-10-11 00:11:56,641:INFO:Fitting Model
2020-10-11 00:11:56,652:INFO:Evaluating Metrics
2020-10-11 00:11:56,652:WARNING:model has no predict_proba attribute. pred_prob set to 0.00
2020-10-11 00:11:56,656:WARNING:model has no predict_proba attribute. AUC set to 0.00
2020-10-11 00:11:56,659:INFO:Compiling Metrics
2020-10-11 00:11:56,666:INFO:Initializing Fold 6
2020-10-11 00:11:56,668:INFO:Fitting Model
2020-10-11 00:11:56,678:INFO:Evaluating Metrics
2020-10-11 00:11:56,678:WARNING:model has no predict_proba attribute. pred_prob set to 0.00
2020-10-11 00:11:56,682:WARNING:model has no predict_proba attribute. AUC set to 0.00
2020-10-11 00:11:56,685:INFO:Compiling Metrics
2020-10-11 00:11:56,693:INFO:Initializing Fold 7
2020-10-11 00:11:56,696:INFO:Fitting Model
2020-10-11 00:11:56,711:INFO:Evaluating Metrics
2020-10-11 00:11:56,711:WARNING:model has no predict_proba attribute. pred_prob set to 0.00
2020-10-11 00:11:56,715:WARNING:model has no predict_proba attribute. AUC set to 0.00
2020-10-11 00:11:56,718:INFO:Compiling Metrics
2020-10-11 00:11:56,724:INFO:Initializing Fold 8
2020-10-11 00:11:56,726:INFO:Fitting Model
2020-10-11 00:11:56,736:INFO:Evaluating Metrics
2020-10-11 00:11:56,736:WARNING:model has no predict_proba attribute. pred_prob set to 0.00
2020-10-11 00:11:56,741:WARNING:model has no predict_proba attribute. AUC set to 0.00
2020-10-11 00:11:56,744:INFO:Compiling Metrics
2020-10-11 00:11:56,750:INFO:Initializing Fold 9
2020-10-11 00:11:56,753:INFO:Fitting Model
2020-10-11 00:11:56,763:INFO:Evaluating Metrics
2020-10-11 00:11:56,764:WARNING:model has no predict_proba attribute. pred_prob set to 0.00
2020-10-11 00:11:56,767:WARNING:model has no predict_proba attribute. AUC set to 0.00
2020-10-11 00:11:56,770:INFO:Compiling Metrics
2020-10-11 00:11:56,776:INFO:Initializing Fold 10
2020-10-11 00:11:56,778:INFO:Fitting Model
2020-10-11 00:11:56,789:INFO:Evaluating Metrics
2020-10-11 00:11:56,789:WARNING:model has no predict_proba attribute. pred_prob set to 0.00
2020-10-11 00:11:56,793:WARNING:model has no predict_proba attribute. AUC set to 0.00
2020-10-11 00:11:56,795:INFO:Compiling Metrics
2020-10-11 00:11:56,801:INFO:Calculating mean and std
2020-10-11 00:11:56,802:INFO:Creating metrics dataframe
2020-10-11 00:11:56,806:INFO:Finalizing model
2020-10-11 00:11:56,817:INFO:Uploading results into container
2020-10-11 00:11:56,817:INFO:Uploading model into container
2020-10-11 00:11:56,817:INFO:create_model_container: 2
2020-10-11 00:11:56,817:INFO:master_model_container: 2
2020-10-11 00:11:56,817:INFO:display_container: 2
2020-10-11 00:11:56,817:INFO:RidgeClassifier(alpha=0.835, class_weight=None, copy_X=True,
                fit_intercept=False, max_iter=None, normalize=True,
                random_state=7948, solver='auto', tol=0.001)
2020-10-11 00:11:56,818:INFO:tune_model() succesfully completed......................................
2020-10-11 00:12:34,242:INFO:PyCaret Classification Module
2020-10-11 00:12:34,242:INFO:version 2.1.2
2020-10-11 00:12:34,242:INFO:Initializing setup()
2020-10-11 00:12:34,242:INFO:USI: 0228
2020-10-11 00:12:34,242:INFO:setup(data=(1470, 31), target=Attrition, train_size=0.7, sampling=True, sample_estimator=None, categorical_features=None, categorical_imputation=constant, ordinal_features=None,
                    high_cardinality_features=None, high_cardinality_method=frequency, numeric_features=None, numeric_imputation=mean, date_features=None, ignore_features=None, normalize=False,
                    normalize_method=zscore, transformation=False, transformation_method=yeo-johnson, handle_unknown_categorical=True, unknown_categorical_method=least_frequent, pca=False, pca_method=linear,
                    pca_components=None, ignore_low_variance=False, combine_rare_levels=False, rare_level_threshold=0.1, bin_numeric_features=None, remove_outliers=False, outliers_threshold=0.05,
                    remove_multicollinearity=False, multicollinearity_threshold=0.9, remove_perfect_collinearity=False, create_clusters=False, cluster_iter=20,
                    polynomial_features=False, polynomial_degree=2, trigonometry_features=False, polynomial_threshold=0.1, group_features=None,
                    group_names=None, feature_selection=False, feature_selection_threshold=0.8, feature_interaction=False, feature_ratio=False, interaction_threshold=0.01,
                    fix_imbalance=False, fix_imbalance_method=None, data_split_shuffle=True, folds_shuffle=False, n_jobs=-1, html=True, session_id=None, log_experiment=False,
                    experiment_name=None, log_plots=False, log_profile=False, log_data=False, silent=False, verbose=True, profile=False)
2020-10-11 00:12:34,242:INFO:Checking environment
2020-10-11 00:12:34,242:INFO:python_version: 3.8.3
2020-10-11 00:12:34,242:INFO:python_build: ('tags/v3.8.3:6f8c832', 'May 13 2020 22:37:02')
2020-10-11 00:12:34,242:INFO:machine: AMD64
2020-10-11 00:12:34,243:INFO:platform: Windows-10-10.0.18362-SP0
2020-10-11 00:12:34,243:WARNING:cannot find psutil installation. memory not traceable. Install psutil using pip to enable memory logging. 
2020-10-11 00:12:34,243:INFO:Checking libraries
2020-10-11 00:12:34,243:INFO:pd==1.1.3
2020-10-11 00:12:34,243:INFO:numpy==1.18.5
2020-10-11 00:12:35,065:INFO:sklearn==0.23.2
2020-10-11 00:12:35,127:INFO:xgboost==1.2.0
2020-10-11 00:12:35,184:INFO:lightgbm==3.0.0
2020-10-11 00:12:35,755:INFO:catboost==0.24.2
2020-10-11 00:12:36,509:INFO:mlflow==1.11.0
2020-10-11 00:12:36,509:INFO:Checking Exceptions
2020-10-11 00:12:36,509:INFO:Preloading libraries
2020-10-11 00:12:36,509:INFO:Preparing display monitor
2020-10-11 00:12:36,519:INFO:Importing libraries
2020-10-11 00:12:37,195:INFO:Declaring global variables
2020-10-11 00:12:37,195:INFO:Copying data for preprocessing
2020-10-11 00:12:37,198:INFO:Declaring preprocessing parameters
2020-10-11 00:12:37,198:INFO:Importing preprocessing module
2020-10-11 00:12:37,766:INFO:Creating preprocessing pipeline
2020-10-11 00:12:39,148:INFO:Preprocessing pipeline created successfully
2020-10-11 00:12:39,149:INFO:Creating grid variables
2020-10-11 00:12:39,150:INFO:Creating global containers
2020-10-11 00:12:39,217:INFO:create_model_container 0
2020-10-11 00:12:39,217:INFO:master_model_container 0
2020-10-11 00:12:39,217:INFO:display_container 0
2020-10-11 00:12:39,222:INFO:Pipeline(memory=None,
         steps=[('dtypes',
                 DataTypes_Auto_infer(categorical_features=[],
                                      display_types=True, features_todrop=[],
                                      ml_usecase='classification',
                                      numerical_features=[], target='Attrition',
                                      time_features=[])),
                ('imputer',
                 Simple_Imputer(categorical_strategy='not_available',
                                numeric_strategy='mean',
                                target_variable=None)),
                ('new_levels1',
                 New_Catagorical_...
                ('group', Empty()), ('nonliner', Empty()), ('scaling', Empty()),
                ('P_transform', Empty()), ('pt_target', Empty()),
                ('binn', Empty()), ('rem_outliers', Empty()),
                ('cluster_all', Empty()),
                ('dummy', Dummify(target='Attrition')),
                ('fix_perfect', Empty()), ('clean_names', Clean_Colum_Names()),
                ('feature_select', Empty()), ('fix_multi', Empty()),
                ('dfs', Empty()), ('pca', Empty())],
         verbose=False)
2020-10-11 00:12:39,222:INFO:setup() succesfully completed......................................
2020-10-11 00:12:39,224:INFO:Initializing create_model()
2020-10-11 00:12:39,224:INFO:create_model(estimator=ridge, ensemble=False, method=None, fold=10, round=4, cross_validation=True, verbose=False, system=True)
2020-10-11 00:12:39,224:INFO:Checking exceptions
2020-10-11 00:12:39,224:INFO:Preloading libraries
2020-10-11 00:12:39,224:INFO:Preparing display monitor
2020-10-11 00:12:39,231:INFO:Copying training dataset
2020-10-11 00:12:39,232:INFO:Importing libraries
2020-10-11 00:12:39,232:INFO:Defining folds
2020-10-11 00:12:39,233:INFO:Declaring metric variables
2020-10-11 00:12:39,233:INFO:Importing untrained model
2020-10-11 00:12:39,233:INFO:Ridge Classifier Imported succesfully
2020-10-11 00:12:39,233:INFO:Checking ensemble method
2020-10-11 00:12:39,234:INFO:Initializing Fold 1
2020-10-11 00:12:39,236:INFO:Fitting Model
2020-10-11 00:12:39,249:INFO:Evaluating Metrics
2020-10-11 00:12:39,249:WARNING:model has no predict_proba attribute. pred_prob set to 0.00
2020-10-11 00:12:39,253:WARNING:model has no predict_proba attribute. AUC to 0.00
2020-10-11 00:12:39,256:INFO:Compiling Metrics
2020-10-11 00:12:39,261:INFO:Initializing Fold 2
2020-10-11 00:12:39,262:INFO:Fitting Model
2020-10-11 00:12:39,274:INFO:Evaluating Metrics
2020-10-11 00:12:39,274:WARNING:model has no predict_proba attribute. pred_prob set to 0.00
2020-10-11 00:12:39,278:WARNING:model has no predict_proba attribute. AUC to 0.00
2020-10-11 00:12:39,281:INFO:Compiling Metrics
2020-10-11 00:12:39,287:INFO:Initializing Fold 3
2020-10-11 00:12:39,289:INFO:Fitting Model
2020-10-11 00:12:39,301:INFO:Evaluating Metrics
2020-10-11 00:12:39,301:WARNING:model has no predict_proba attribute. pred_prob set to 0.00
2020-10-11 00:12:39,305:WARNING:model has no predict_proba attribute. AUC to 0.00
2020-10-11 00:12:39,308:INFO:Compiling Metrics
2020-10-11 00:12:39,314:INFO:Initializing Fold 4
2020-10-11 00:12:39,317:INFO:Fitting Model
2020-10-11 00:12:39,329:INFO:Evaluating Metrics
2020-10-11 00:12:39,329:WARNING:model has no predict_proba attribute. pred_prob set to 0.00
2020-10-11 00:12:39,334:WARNING:model has no predict_proba attribute. AUC to 0.00
2020-10-11 00:12:39,337:INFO:Compiling Metrics
2020-10-11 00:12:39,343:INFO:Initializing Fold 5
2020-10-11 00:12:39,344:INFO:Fitting Model
2020-10-11 00:12:39,355:INFO:Evaluating Metrics
2020-10-11 00:12:39,356:WARNING:model has no predict_proba attribute. pred_prob set to 0.00
2020-10-11 00:12:39,361:WARNING:model has no predict_proba attribute. AUC to 0.00
2020-10-11 00:12:39,364:INFO:Compiling Metrics
2020-10-11 00:12:39,369:INFO:Initializing Fold 6
2020-10-11 00:12:39,371:INFO:Fitting Model
2020-10-11 00:12:39,381:INFO:Evaluating Metrics
2020-10-11 00:12:39,382:WARNING:model has no predict_proba attribute. pred_prob set to 0.00
2020-10-11 00:12:39,385:WARNING:model has no predict_proba attribute. AUC to 0.00
2020-10-11 00:12:39,387:INFO:Compiling Metrics
2020-10-11 00:12:39,392:INFO:Initializing Fold 7
2020-10-11 00:12:39,393:INFO:Fitting Model
2020-10-11 00:12:39,404:INFO:Evaluating Metrics
2020-10-11 00:12:39,404:WARNING:model has no predict_proba attribute. pred_prob set to 0.00
2020-10-11 00:12:39,410:WARNING:model has no predict_proba attribute. AUC to 0.00
2020-10-11 00:12:39,412:INFO:Compiling Metrics
2020-10-11 00:12:39,417:INFO:Initializing Fold 8
2020-10-11 00:12:39,419:INFO:Fitting Model
2020-10-11 00:12:39,430:INFO:Evaluating Metrics
2020-10-11 00:12:39,430:WARNING:model has no predict_proba attribute. pred_prob set to 0.00
2020-10-11 00:12:39,433:WARNING:model has no predict_proba attribute. AUC to 0.00
2020-10-11 00:12:39,436:INFO:Compiling Metrics
2020-10-11 00:12:39,440:INFO:Initializing Fold 9
2020-10-11 00:12:39,442:INFO:Fitting Model
2020-10-11 00:12:39,452:INFO:Evaluating Metrics
2020-10-11 00:12:39,453:WARNING:model has no predict_proba attribute. pred_prob set to 0.00
2020-10-11 00:12:39,456:WARNING:model has no predict_proba attribute. AUC to 0.00
2020-10-11 00:12:39,459:INFO:Compiling Metrics
2020-10-11 00:12:39,463:INFO:Initializing Fold 10
2020-10-11 00:12:39,465:INFO:Fitting Model
2020-10-11 00:12:39,476:INFO:Evaluating Metrics
2020-10-11 00:12:39,476:WARNING:model has no predict_proba attribute. pred_prob set to 0.00
2020-10-11 00:12:39,479:WARNING:model has no predict_proba attribute. AUC to 0.00
2020-10-11 00:12:39,481:INFO:Compiling Metrics
2020-10-11 00:12:39,486:INFO:Calculating mean and std
2020-10-11 00:12:39,486:INFO:Creating metrics dataframe
2020-10-11 00:12:39,491:INFO:Finalizing model
2020-10-11 00:12:39,503:INFO:Uploading results into container
2020-10-11 00:12:39,503:INFO:Uploading model into container now
2020-10-11 00:12:39,503:INFO:create_model_container: 1
2020-10-11 00:12:39,503:INFO:master_model_container: 1
2020-10-11 00:12:39,503:INFO:display_container: 1
2020-10-11 00:12:39,504:INFO:RidgeClassifier(alpha=1.0, class_weight=None, copy_X=True, fit_intercept=True,
                max_iter=None, normalize=False, random_state=3472,
                solver='auto', tol=0.001)
2020-10-11 00:12:39,504:INFO:create_model() succesfully completed......................................
2020-10-11 00:12:39,505:INFO:Initializing tune_model()
2020-10-11 00:12:39,505:INFO:tune_model(estimator=RidgeClassifier(alpha=1.0, class_weight=None, copy_X=True, fit_intercept=True,
                max_iter=None, normalize=False, random_state=3472,
                solver='auto', tol=0.001), fold=10, round=4, n_iter=10, custom_grid=None, optimize=Accuracy, choose_better=False, verbose=False)
2020-10-11 00:12:39,505:INFO:Checking exceptions
2020-10-11 00:12:39,506:INFO:Preloading libraries
2020-10-11 00:12:39,506:INFO:Preparing display monitor
2020-10-11 00:12:39,511:INFO:Copying training dataset
2020-10-11 00:12:39,512:INFO:Creating estimator clone to inherit model parameters
2020-10-11 00:12:39,512:INFO:Importing libraries
2020-10-11 00:12:39,512:INFO:Checking base model
2020-10-11 00:12:39,513:INFO:Base model : Ridge Classifier
2020-10-11 00:12:39,513:INFO:Defining folds
2020-10-11 00:12:39,513:INFO:Declaring metric variables
2020-10-11 00:12:39,513:INFO:Defining Hyperparameters
2020-10-11 00:12:39,513:INFO:Initializing RandomizedSearchCV
2020-10-11 00:12:42,462:INFO:Random search completed
2020-10-11 00:12:42,463:INFO:Initializing Fold 1
2020-10-11 00:12:42,464:INFO:Fitting Model
2020-10-11 00:12:42,475:INFO:Evaluating Metrics
2020-10-11 00:12:42,475:WARNING:model has no predict_proba attribute. pred_prob set to 0.00
2020-10-11 00:12:42,478:WARNING:model has no predict_proba attribute. AUC set to 0.00
2020-10-11 00:12:42,480:INFO:Compiling Metrics
2020-10-11 00:12:42,485:INFO:Initializing Fold 2
2020-10-11 00:12:42,486:INFO:Fitting Model
2020-10-11 00:12:42,497:INFO:Evaluating Metrics
2020-10-11 00:12:42,497:WARNING:model has no predict_proba attribute. pred_prob set to 0.00
2020-10-11 00:12:42,500:WARNING:model has no predict_proba attribute. AUC set to 0.00
2020-10-11 00:12:42,503:INFO:Compiling Metrics
2020-10-11 00:12:42,507:INFO:Initializing Fold 3
2020-10-11 00:12:42,509:INFO:Fitting Model
2020-10-11 00:12:42,520:INFO:Evaluating Metrics
2020-10-11 00:12:42,520:WARNING:model has no predict_proba attribute. pred_prob set to 0.00
2020-10-11 00:12:42,524:WARNING:model has no predict_proba attribute. AUC set to 0.00
2020-10-11 00:12:42,527:INFO:Compiling Metrics
2020-10-11 00:12:42,533:INFO:Initializing Fold 4
2020-10-11 00:12:42,534:INFO:Fitting Model
2020-10-11 00:12:42,545:INFO:Evaluating Metrics
2020-10-11 00:12:42,546:WARNING:model has no predict_proba attribute. pred_prob set to 0.00
2020-10-11 00:12:42,549:WARNING:model has no predict_proba attribute. AUC set to 0.00
2020-10-11 00:12:42,552:INFO:Compiling Metrics
2020-10-11 00:12:42,558:INFO:Initializing Fold 5
2020-10-11 00:12:42,560:INFO:Fitting Model
2020-10-11 00:12:42,572:INFO:Evaluating Metrics
2020-10-11 00:12:42,572:WARNING:model has no predict_proba attribute. pred_prob set to 0.00
2020-10-11 00:12:42,576:WARNING:model has no predict_proba attribute. AUC set to 0.00
2020-10-11 00:12:42,578:INFO:Compiling Metrics
2020-10-11 00:12:42,584:INFO:Initializing Fold 6
2020-10-11 00:12:42,586:INFO:Fitting Model
2020-10-11 00:12:42,598:INFO:Evaluating Metrics
2020-10-11 00:12:42,598:WARNING:model has no predict_proba attribute. pred_prob set to 0.00
2020-10-11 00:12:42,602:WARNING:model has no predict_proba attribute. AUC set to 0.00
2020-10-11 00:12:42,605:INFO:Compiling Metrics
2020-10-11 00:12:42,610:INFO:Initializing Fold 7
2020-10-11 00:12:42,612:INFO:Fitting Model
2020-10-11 00:12:42,624:INFO:Evaluating Metrics
2020-10-11 00:12:42,624:WARNING:model has no predict_proba attribute. pred_prob set to 0.00
2020-10-11 00:12:42,628:WARNING:model has no predict_proba attribute. AUC set to 0.00
2020-10-11 00:12:42,631:INFO:Compiling Metrics
2020-10-11 00:12:42,637:INFO:Initializing Fold 8
2020-10-11 00:12:42,639:INFO:Fitting Model
2020-10-11 00:12:42,651:INFO:Evaluating Metrics
2020-10-11 00:12:42,651:WARNING:model has no predict_proba attribute. pred_prob set to 0.00
2020-10-11 00:12:42,655:WARNING:model has no predict_proba attribute. AUC set to 0.00
2020-10-11 00:12:42,658:INFO:Compiling Metrics
2020-10-11 00:12:42,663:INFO:Initializing Fold 9
2020-10-11 00:12:42,665:INFO:Fitting Model
2020-10-11 00:12:42,677:INFO:Evaluating Metrics
2020-10-11 00:12:42,677:WARNING:model has no predict_proba attribute. pred_prob set to 0.00
2020-10-11 00:12:42,681:WARNING:model has no predict_proba attribute. AUC set to 0.00
2020-10-11 00:12:42,684:INFO:Compiling Metrics
2020-10-11 00:12:42,689:INFO:Initializing Fold 10
2020-10-11 00:12:42,691:INFO:Fitting Model
2020-10-11 00:12:42,703:INFO:Evaluating Metrics
2020-10-11 00:12:42,703:WARNING:model has no predict_proba attribute. pred_prob set to 0.00
2020-10-11 00:12:42,707:WARNING:model has no predict_proba attribute. AUC set to 0.00
2020-10-11 00:12:42,710:INFO:Compiling Metrics
2020-10-11 00:12:42,716:INFO:Calculating mean and std
2020-10-11 00:12:42,716:INFO:Creating metrics dataframe
2020-10-11 00:12:42,720:INFO:Finalizing model
2020-10-11 00:12:42,732:INFO:Uploading results into container
2020-10-11 00:12:42,732:INFO:Uploading model into container
2020-10-11 00:12:42,732:INFO:create_model_container: 2
2020-10-11 00:12:42,733:INFO:master_model_container: 2
2020-10-11 00:12:42,733:INFO:display_container: 2
2020-10-11 00:12:42,733:INFO:RidgeClassifier(alpha=0.881, class_weight=None, copy_X=True, fit_intercept=True,
                max_iter=None, normalize=False, random_state=3472,
                solver='auto', tol=0.001)
2020-10-11 00:12:42,733:INFO:tune_model() succesfully completed......................................
2020-10-11 00:12:42,734:INFO:Initializing save_model()
2020-10-11 00:12:42,735:INFO:save_model(model=RidgeClassifier(alpha=0.881, class_weight=None, copy_X=True, fit_intercept=True,
                max_iter=None, normalize=False, random_state=3472,
                solver='auto', tol=0.001), model_name=C:\Users\GagaN\Desktop\MLproject1\newfile, model_only=False, verbose=True)
2020-10-11 00:12:42,735:INFO:Adding model into prep_pipe
2020-10-11 00:12:42,745:INFO:C:\Users\GagaN\Desktop\MLproject1\newfile.pkl saved in current working directory
2020-10-11 00:12:42,753:INFO:Pipeline(memory=None,
         steps=[('dtypes',
                 DataTypes_Auto_infer(categorical_features=[],
                                      display_types=True, features_todrop=[],
                                      ml_usecase='classification',
                                      numerical_features=[], target='Attrition',
                                      time_features=[])),
                ('imputer',
                 Simple_Imputer(categorical_strategy='not_available',
                                numeric_strategy='mean',
                                target_variable=None)),
                ('new_levels1',
                 New_Catagorical_...
                ('dummy', Dummify(target='Attrition')),
                ('fix_perfect', Empty()), ('clean_names', Clean_Colum_Names()),
                ('feature_select', Empty()), ('fix_multi', Empty()),
                ('dfs', Empty()), ('pca', Empty()),
                ['trained model',
                 RidgeClassifier(alpha=0.881, class_weight=None, copy_X=True,
                                 fit_intercept=True, max_iter=None,
                                 normalize=False, random_state=3472,
                                 solver='auto', tol=0.001)]],
         verbose=False)
2020-10-11 00:12:42,753:INFO:save_model() succesfully completed......................................
